<?xml version="1.0" encoding="UTF-8"?>
<!-- Generated by org.testng.reporters.JUnitXMLReporter -->
<testsuite ignored="0" hostname="LAPTOP-2JAIS1UQ" failures="0" tests="3" name="Test" time="77.504" errors="0" timestamp="2023-09-15T14:36:31 IST">
  <testcase classname="testcase.EditIndividualTC" name="runEdit" time="26.952"/>
  <testcase classname="testcase.CreateIndividualTC" name="runCreate" time="14.333"/>
  <testcase classname="testcase.DeleteIndividualTC" name="runDelete" time="24.184"/>
</testsuite> <!-- Test -->
