<?xml version="1.0" encoding="UTF-8"?>
<testng-results ignored="0" total="3" passed="3" failed="0" skipped="0">
  <reporter-output>
  </reporter-output>
  <suite started-at="2023-09-15T14:35:13 IST" name="Suite" finished-at="2023-09-15T14:36:31 IST" duration-ms="77504">
    <groups>
    </groups>
    <test started-at="2023-09-15T14:35:13 IST" name="Test" finished-at="2023-09-15T14:36:31 IST" duration-ms="77504">
      <class name="testcase.EditIndividualTC">
        <test-method is-config="true" signature="setup()[pri:0, instance:testcase.EditIndividualTC@750e2b97]" started-at="2023-09-15T14:35:13 IST" name="setup" finished-at="2023-09-15T14:35:19 IST" duration-ms="5543" status="PASS">
          <reporter-output>
          </reporter-output>
        </test-method> <!-- setup -->
        <test-method signature="runEdit()[pri:0, instance:testcase.EditIndividualTC@750e2b97]" started-at="2023-09-15T14:35:19 IST" name="runEdit" finished-at="2023-09-15T14:35:46 IST" duration-ms="26952" status="PASS">
          <reporter-output>
          </reporter-output>
        </test-method> <!-- runEdit -->
        <test-method is-config="true" signature="postConditions()[pri:0, instance:testcase.EditIndividualTC@750e2b97]" started-at="2023-09-15T14:35:46 IST" name="postConditions" finished-at="2023-09-15T14:35:46 IST" duration-ms="188" status="PASS">
          <reporter-output>
          </reporter-output>
        </test-method> <!-- postConditions -->
      </class> <!-- testcase.EditIndividualTC -->
      <class name="testcase.CreateIndividualTC">
        <test-method is-config="true" signature="setup()[pri:0, instance:testcase.CreateIndividualTC@26d9b808]" started-at="2023-09-15T14:35:46 IST" name="setup" finished-at="2023-09-15T14:35:50 IST" duration-ms="3551" status="PASS">
          <reporter-output>
          </reporter-output>
        </test-method> <!-- setup -->
        <test-method signature="runCreate()[pri:0, instance:testcase.CreateIndividualTC@26d9b808]" started-at="2023-09-15T14:35:50 IST" name="runCreate" finished-at="2023-09-15T14:36:04 IST" duration-ms="14333" status="PASS">
          <reporter-output>
          </reporter-output>
        </test-method> <!-- runCreate -->
        <test-method is-config="true" signature="postConditions()[pri:0, instance:testcase.CreateIndividualTC@26d9b808]" started-at="2023-09-15T14:36:04 IST" name="postConditions" finished-at="2023-09-15T14:36:04 IST" duration-ms="146" status="PASS">
          <reporter-output>
          </reporter-output>
        </test-method> <!-- postConditions -->
      </class> <!-- testcase.CreateIndividualTC -->
      <class name="testcase.DeleteIndividualTC">
        <test-method is-config="true" signature="setup()[pri:0, instance:testcase.DeleteIndividualTC@f78a47e]" started-at="2023-09-15T14:36:04 IST" name="setup" finished-at="2023-09-15T14:36:07 IST" duration-ms="2388" status="PASS">
          <reporter-output>
          </reporter-output>
        </test-method> <!-- setup -->
        <test-method signature="runDelete()[pri:0, instance:testcase.DeleteIndividualTC@f78a47e]" started-at="2023-09-15T14:36:07 IST" name="runDelete" finished-at="2023-09-15T14:36:31 IST" duration-ms="24184" status="PASS">
          <reporter-output>
          </reporter-output>
        </test-method> <!-- runDelete -->
        <test-method is-config="true" signature="postConditions()[pri:0, instance:testcase.DeleteIndividualTC@f78a47e]" started-at="2023-09-15T14:36:31 IST" name="postConditions" finished-at="2023-09-15T14:36:31 IST" duration-ms="175" status="PASS">
          <reporter-output>
          </reporter-output>
        </test-method> <!-- postConditions -->
      </class> <!-- testcase.DeleteIndividualTC -->
    </test> <!-- Test -->
  </suite> <!-- Suite -->
</testng-results>
